<?xml version="1.0" encoding="UTF-8"?>
<!-- Generated by org.testng.reporters.JUnitReportReporter -->
<testsuite hostname="LAP-C02T61K5FVH3.local" name="com.test.CheckoutWithValidCard" tests="1" failures="0" timestamp="31 Aug 2020 04:07:53 GMT" time="19.656" errors="0">
  <testcase name="checkoutWithValidCard" time="19.656" classname="com.test.CheckoutWithValidCard"/>
</testsuite> <!-- com.test.CheckoutWithValidCard -->
